<?xml version="1.0" encoding="UTF-8"?>
<robot generator="Robot 3.1.2 (Python 3.8.3 on win32)" generated="20200617 17:00:37.793" rpa="false">
<suite id="s1" name="Suite1" source="C:\Users\Usuario\Documents\Muestras-RF\OrangeHRM\Suites\Suite1.robot">
<kw name="Ingreso al sitio" library="Login" type="setup">
<kw name="Ingresando al sitio" library="Login">
<doc>Ingresa al sitio</doc>
<kw name="Open Browser" library="Selenium2Library">
<doc>Opens a new browser instance to the optional ``url``.</doc>
<arguments>
<arg>${URL}</arg>
<arg>${Navegador}</arg>
</arguments>
<msg timestamp="20200617 17:00:38.069" level="INFO">Opening browser 'Chrome' to base url 'https://opensource-demo.orangehrmlive.com/'.</msg>
<status status="PASS" starttime="20200617 17:00:38.068" endtime="20200617 17:00:44.329"></status>
</kw>
<kw name="Maximize Browser Window" library="Selenium2Library">
<doc>Maximizes current browser window.</doc>
<status status="PASS" starttime="20200617 17:00:44.329" endtime="20200617 17:00:46.447"></status>
</kw>
<status status="PASS" starttime="20200617 17:00:38.068" endtime="20200617 17:00:46.448"></status>
</kw>
<kw name="Logueo" library="Login">
<kw name="Input Text" library="Selenium2Library">
<doc>Types the given ``text`` into the text field identified by ``locator``.</doc>
<arguments>
<arg>${username}</arg>
<arg>Admin</arg>
</arguments>
<msg timestamp="20200617 17:00:46.448" level="INFO">Typing text 'Admin' into text field 'id=txtUsername'.</msg>
<status status="PASS" starttime="20200617 17:00:46.448" endtime="20200617 17:00:46.550"></status>
</kw>
<kw name="Input Text" library="Selenium2Library">
<doc>Types the given ``text`` into the text field identified by ``locator``.</doc>
<arguments>
<arg>${password}</arg>
<arg>admin123</arg>
</arguments>
<msg timestamp="20200617 17:00:46.551" level="INFO">Typing text 'admin123' into text field 'id=txtPassword'.</msg>
<status status="PASS" starttime="20200617 17:00:46.550" endtime="20200617 17:00:46.649"></status>
</kw>
<kw name="Click Element" library="Selenium2Library">
<doc>Click the element identified by ``locator``.</doc>
<arguments>
<arg>${boton_login}</arg>
</arguments>
<msg timestamp="20200617 17:00:46.650" level="INFO">Clicking element 'id=btnLogin'.</msg>
<status status="PASS" starttime="20200617 17:00:46.649" endtime="20200617 17:00:50.229"></status>
</kw>
<status status="PASS" starttime="20200617 17:00:46.448" endtime="20200617 17:00:50.229"></status>
</kw>
<status status="PASS" starttime="20200617 17:00:38.067" endtime="20200617 17:00:50.229"></status>
</kw>
<test id="s1-t1" name="Verifica que aparezcan los elementos en el index">
<kw name="Completitud de pantalla" library="Index">
<kw name="Page Should Contain Element" library="Selenium2Library">
<doc>Verifies that element ``locator`` is found on the current page.</doc>
<arguments>
<arg>${Logo}</arg>
</arguments>
<msg timestamp="20200617 17:00:50.258" level="INFO">Current page contains element 'xpath=//div[@id="branding"]//img[@alt="OrangeHRM"]'.</msg>
<status status="PASS" starttime="20200617 17:00:50.234" endtime="20200617 17:00:50.258"></status>
</kw>
<kw name="Page Should Contain Element" library="Selenium2Library">
<doc>Verifies that element ``locator`` is found on the current page.</doc>
<arguments>
<arg>${Link_MarketPlace}</arg>
</arguments>
<msg timestamp="20200617 17:00:50.269" level="INFO">Current page contains element 'id=MP_link'.</msg>
<status status="PASS" starttime="20200617 17:00:50.259" endtime="20200617 17:00:50.269"></status>
</kw>
<kw name="Page Should Contain Element" library="Selenium2Library">
<doc>Verifies that element ``locator`` is found on the current page.</doc>
<arguments>
<arg>${Icono_Campanita}</arg>
</arguments>
<msg timestamp="20200617 17:00:50.282" level="INFO">Current page contains element 'xpath=//span[@id="notification"]'.</msg>
<status status="PASS" starttime="20200617 17:00:50.269" endtime="20200617 17:00:50.282"></status>
</kw>
<kw name="Page Should Contain Element" library="Selenium2Library">
<doc>Verifies that element ``locator`` is found on the current page.</doc>
<arguments>
<arg>${Text_Welcome}</arg>
</arguments>
<msg timestamp="20200617 17:00:50.291" level="INFO">Current page contains element 'xpath=//a[@id="welcome"]'.</msg>
<status status="PASS" starttime="20200617 17:00:50.282" endtime="20200617 17:00:50.291"></status>
</kw>
<status status="PASS" starttime="20200617 17:00:50.233" endtime="20200617 17:00:50.291"></status>
</kw>
<status status="PASS" starttime="20200617 17:00:50.229" endtime="20200617 17:00:50.291" critical="yes"></status>
</test>
<test id="s1-t2" name="Busqueda de usuario en System Rules">
<kw name="click en la opcion admin" library="Index">
<doc>Hace click en la opcion "Admin"</doc>
<kw name="Click Element" library="Selenium2Library">
<doc>Click the element identified by ``locator``.</doc>
<arguments>
<arg>${Admin}</arg>
</arguments>
<msg timestamp="20200617 17:00:50.295" level="INFO">Clicking element 'id=menu_admin_viewAdminModule'.</msg>
<status status="PASS" starttime="20200617 17:00:50.294" endtime="20200617 17:00:52.530"></status>
</kw>
<status status="PASS" starttime="20200617 17:00:50.293" endtime="20200617 17:00:52.531"></status>
</kw>
<kw name="Busqueda de usuario(System Rules)" library="Admin">
<doc>Llena el formulario y realiza la búsqueda</doc>
<kw name="Rellena formulario System rules" library="Admin">
<kw name="Input Text" library="Selenium2Library">
<doc>Types the given ``text`` into the text field identified by ``locator``.</doc>
<arguments>
<arg>${UserN}</arg>
<arg>robert.craig</arg>
</arguments>
<msg timestamp="20200617 17:00:52.532" level="INFO">Typing text 'robert.craig' into text field 'id=searchSystemUser_userName'.</msg>
<status status="PASS" starttime="20200617 17:00:52.532" endtime="20200617 17:00:52.628"></status>
</kw>
<kw name="Select From List By Label" library="Selenium2Library">
<doc>Selects options from selection list ``locator`` by ``labels``.</doc>
<arguments>
<arg>${UserRole}</arg>
<arg>ESS</arg>
</arguments>
<msg timestamp="20200617 17:00:52.628" level="INFO">Selecting options from selection list 'id=searchSystemUser_userType' by label ESS.</msg>
<status status="PASS" starttime="20200617 17:00:52.628" endtime="20200617 17:00:52.689"></status>
</kw>
<kw name="Input Text" library="Selenium2Library">
<doc>Types the given ``text`` into the text field identified by ``locator``.</doc>
<arguments>
<arg>${Employee_Name}</arg>
<arg>Robert Craig</arg>
</arguments>
<msg timestamp="20200617 17:00:52.690" level="INFO">Typing text 'Robert Craig' into text field 'id=searchSystemUser_employeeName_empName'.</msg>
<status status="PASS" starttime="20200617 17:00:52.689" endtime="20200617 17:00:52.789"></status>
</kw>
<kw name="Select From List By Label" library="Selenium2Library">
<doc>Selects options from selection list ``locator`` by ``labels``.</doc>
<arguments>
<arg>${Status}</arg>
<arg>Enabled</arg>
</arguments>
<msg timestamp="20200617 17:00:52.790" level="INFO">Selecting options from selection list 'id=searchSystemUser_status' by label Enabled.</msg>
<status status="PASS" starttime="20200617 17:00:52.790" endtime="20200617 17:00:52.889"></status>
</kw>
<status status="PASS" starttime="20200617 17:00:52.531" endtime="20200617 17:00:52.889"></status>
</kw>
<kw name="click en el boton Search" library="Admin">
<kw name="Click Element" library="Selenium2Library">
<doc>Click the element identified by ``locator``.</doc>
<arguments>
<arg>${Boton_Search}</arg>
</arguments>
<msg timestamp="20200617 17:00:52.890" level="INFO">Clicking element 'id=searchBtn'.</msg>
<status status="PASS" starttime="20200617 17:00:52.890" endtime="20200617 17:00:53.349"></status>
</kw>
<status status="PASS" starttime="20200617 17:00:52.889" endtime="20200617 17:00:53.349"></status>
</kw>
<status status="PASS" starttime="20200617 17:00:52.531" endtime="20200617 17:00:53.349"></status>
</kw>
<doc>Ingresa a la opción "Admin" del menú y rellena el formulario "System Rules"</doc>
<status status="PASS" starttime="20200617 17:00:50.292" endtime="20200617 17:00:53.350" critical="yes"></status>
</test>
<test id="s1-t3" name="Resetear busqueda de usuario en System Rules">
<kw name="click en la opcion admin" library="Index">
<doc>Hace click en la opcion "Admin"</doc>
<kw name="Click Element" library="Selenium2Library">
<doc>Click the element identified by ``locator``.</doc>
<arguments>
<arg>${Admin}</arg>
</arguments>
<msg timestamp="20200617 17:00:53.353" level="INFO">Clicking element 'id=menu_admin_viewAdminModule'.</msg>
<status status="PASS" starttime="20200617 17:00:53.352" endtime="20200617 17:00:54.121"></status>
</kw>
<status status="PASS" starttime="20200617 17:00:53.352" endtime="20200617 17:00:54.121"></status>
</kw>
<kw name="Reseteo de busqueda de usuario(System Rules)" library="Admin">
<doc>Llena el formumlario y resetea la busqueda</doc>
<kw name="Rellena formulario System rules" library="Admin">
<kw name="Input Text" library="Selenium2Library">
<doc>Types the given ``text`` into the text field identified by ``locator``.</doc>
<arguments>
<arg>${UserN}</arg>
<arg>robert.craig</arg>
</arguments>
<msg timestamp="20200617 17:00:54.123" level="INFO">Typing text 'robert.craig' into text field 'id=searchSystemUser_userName'.</msg>
<status status="PASS" starttime="20200617 17:00:54.122" endtime="20200617 17:00:54.225"></status>
</kw>
<kw name="Select From List By Label" library="Selenium2Library">
<doc>Selects options from selection list ``locator`` by ``labels``.</doc>
<arguments>
<arg>${UserRole}</arg>
<arg>ESS</arg>
</arguments>
<msg timestamp="20200617 17:00:54.225" level="INFO">Selecting options from selection list 'id=searchSystemUser_userType' by label ESS.</msg>
<status status="PASS" starttime="20200617 17:00:54.225" endtime="20200617 17:00:54.293"></status>
</kw>
<kw name="Input Text" library="Selenium2Library">
<doc>Types the given ``text`` into the text field identified by ``locator``.</doc>
<arguments>
<arg>${Employee_Name}</arg>
<arg>Robert Craig</arg>
</arguments>
<msg timestamp="20200617 17:00:54.294" level="INFO">Typing text 'Robert Craig' into text field 'id=searchSystemUser_employeeName_empName'.</msg>
<status status="PASS" starttime="20200617 17:00:54.293" endtime="20200617 17:00:54.399"></status>
</kw>
<kw name="Select From List By Label" library="Selenium2Library">
<doc>Selects options from selection list ``locator`` by ``labels``.</doc>
<arguments>
<arg>${Status}</arg>
<arg>Enabled</arg>
</arguments>
<msg timestamp="20200617 17:00:54.400" level="INFO">Selecting options from selection list 'id=searchSystemUser_status' by label Enabled.</msg>
<status status="PASS" starttime="20200617 17:00:54.399" endtime="20200617 17:00:54.464"></status>
</kw>
<status status="PASS" starttime="20200617 17:00:54.122" endtime="20200617 17:00:54.465"></status>
</kw>
<kw name="click en el boton Reset" library="Admin">
<kw name="Click Element" library="Selenium2Library">
<doc>Click the element identified by ``locator``.</doc>
<arguments>
<arg>${Boton_Reset}</arg>
</arguments>
<msg timestamp="20200617 17:00:54.465" level="INFO">Clicking element 'id=resetBtn'.</msg>
<status status="PASS" starttime="20200617 17:00:54.465" endtime="20200617 17:00:54.979"></status>
</kw>
<status status="PASS" starttime="20200617 17:00:54.465" endtime="20200617 17:00:54.979"></status>
</kw>
<status status="PASS" starttime="20200617 17:00:54.122" endtime="20200617 17:00:54.980"></status>
</kw>
<doc>Ingresa a la opción "Admin" del menú, rellena el formulario "System Rules" y hace
click en el boton "Reset"</doc>
<status status="PASS" starttime="20200617 17:00:53.351" endtime="20200617 17:00:54.980" critical="yes"></status>
</test>
<test id="s1-t4" name="Agregar usuario(ADD Rules)">
<kw name="Agregar usuario ADD User" library="Admin">
<kw name="click en el boton ADD" library="Admin">
<doc>Hace click en el botón "ADD" para agregar un nuevo usuario</doc>
<kw name="Wait Until Element Is Visible" library="Selenium2Library">
<doc>Waits until the element ``locator`` is visible.</doc>
<arguments>
<arg>${Boton_Add}</arg>
</arguments>
<status status="PASS" starttime="20200617 17:00:54.982" endtime="20200617 17:00:55.013"></status>
</kw>
<kw name="Click Element" library="Selenium2Library">
<doc>Click the element identified by ``locator``.</doc>
<arguments>
<arg>${Boton_Add}</arg>
</arguments>
<msg timestamp="20200617 17:00:55.014" level="INFO">Clicking element 'id=btnAdd'.</msg>
<status status="PASS" starttime="20200617 17:00:55.014" endtime="20200617 17:00:55.620"></status>
</kw>
<status status="PASS" starttime="20200617 17:00:54.982" endtime="20200617 17:00:55.620"></status>
</kw>
<kw name="Agregar un usuario a System Rules" library="Admin">
<doc>Llena los campos del formulario para agregar un nuevo usuario</doc>
<kw name="Page Should Contain" library="Selenium2Library">
<doc>Verifies that current page contains ``text``.</doc>
<arguments>
<arg>Add User</arg>
</arguments>
<msg timestamp="20200617 17:00:55.649" level="INFO">Current page contains text 'Add User'.</msg>
<status status="PASS" starttime="20200617 17:00:55.621" endtime="20200617 17:00:55.649"></status>
</kw>
<kw name="Select From List By Label" library="Selenium2Library">
<doc>Selects options from selection list ``locator`` by ``labels``.</doc>
<arguments>
<arg>${Add_User_Role}</arg>
<arg>ESS</arg>
</arguments>
<msg timestamp="20200617 17:00:55.649" level="INFO">Selecting options from selection list 'id=systemUser_userType' by label ESS.</msg>
<status status="PASS" starttime="20200617 17:00:55.649" endtime="20200617 17:00:55.690"></status>
</kw>
<kw name="Input Text" library="Selenium2Library">
<doc>Types the given ``text`` into the text field identified by ``locator``.</doc>
<arguments>
<arg>${Select_Employee_Name}</arg>
<arg>Fiona Grace</arg>
</arguments>
<msg timestamp="20200617 17:00:55.690" level="INFO">Typing text 'Fiona Grace' into text field 'id=systemUser_employeeName_empName'.</msg>
<status status="PASS" starttime="20200617 17:00:55.690" endtime="20200617 17:00:55.840"></status>
</kw>
<kw name="Wait Until Element Is Visible" library="Selenium2Library">
<doc>Waits until the element ``locator`` is visible.</doc>
<arguments>
<arg>xpath=//strong[text()="Fiona Grace"]</arg>
</arguments>
<status status="PASS" starttime="20200617 17:00:55.840" endtime="20200617 17:00:55.875"></status>
</kw>
<kw name="Click Element" library="Selenium2Library">
<doc>Click the element identified by ``locator``.</doc>
<arguments>
<arg>//strong[text()="Fiona Grace"]</arg>
</arguments>
<msg timestamp="20200617 17:00:55.876" level="INFO">Clicking element '//strong[text()="Fiona Grace"]'.</msg>
<status status="PASS" starttime="20200617 17:00:55.875" endtime="20200617 17:00:55.927"></status>
</kw>
<kw name="Usuario para formulario Add User" library="Admin">
<kw name="Generate Random String" library="String">
<doc>Generates a string with a desired ``length`` from the given ``chars``.</doc>
<arguments>
<arg>8</arg>
<arg>[LETTERS]</arg>
</arguments>
<assign>
<var>${ADD_Usuario}</var>
</assign>
<msg timestamp="20200617 17:00:55.927" level="INFO">${ADD_Usuario} = KHhmjwJB</msg>
<status status="PASS" starttime="20200617 17:00:55.927" endtime="20200617 17:00:55.928"></status>
</kw>
<kw name="Input Text" library="Selenium2Library">
<doc>Types the given ``text`` into the text field identified by ``locator``.</doc>
<arguments>
<arg>${ADD_Username}</arg>
<arg>${ADD_Usuario}</arg>
</arguments>
<msg timestamp="20200617 17:00:55.928" level="INFO">Typing text 'KHhmjwJB' into text field 'id=systemUser_userName'.</msg>
<status status="PASS" starttime="20200617 17:00:55.928" endtime="20200617 17:00:56.042"></status>
</kw>
<status status="PASS" starttime="20200617 17:00:55.927" endtime="20200617 17:00:56.042"></status>
</kw>
<kw name="Select From List By Label" library="Selenium2Library">
<doc>Selects options from selection list ``locator`` by ``labels``.</doc>
<arguments>
<arg>${Select_Status}</arg>
<arg>Enabled</arg>
</arguments>
<msg timestamp="20200617 17:00:56.043" level="INFO">Selecting options from selection list 'id=systemUser_status' by label Enabled.</msg>
<status status="PASS" starttime="20200617 17:00:56.042" endtime="20200617 17:00:56.077"></status>
</kw>
<kw name="Input Text" library="Selenium2Library">
<doc>Types the given ``text`` into the text field identified by ``locator``.</doc>
<arguments>
<arg>${Elegir_Password}</arg>
<arg>contrasenia</arg>
</arguments>
<msg timestamp="20200617 17:00:56.078" level="INFO">Typing text 'contrasenia' into text field 'id=systemUser_password'.</msg>
<status status="PASS" starttime="20200617 17:00:56.078" endtime="20200617 17:00:56.194"></status>
</kw>
<kw name="Input Text" library="Selenium2Library">
<doc>Types the given ``text`` into the text field identified by ``locator``.</doc>
<arguments>
<arg>${Confirmar_Password}</arg>
<arg>contrasenia</arg>
</arguments>
<msg timestamp="20200617 17:00:56.194" level="INFO">Typing text 'contrasenia' into text field 'id=systemUser_confirmPassword'.</msg>
<status status="PASS" starttime="20200617 17:00:56.194" endtime="20200617 17:00:56.301"></status>
</kw>
<status status="PASS" starttime="20200617 17:00:55.621" endtime="20200617 17:00:56.301"></status>
</kw>
<kw name="Click en el boton Save" library="Admin">
<doc>Click en el botón "Save" para agregar al usuario ingresado</doc>
<kw name="Click Element" library="Selenium2Library">
<doc>Click the element identified by ``locator``.</doc>
<arguments>
<arg>${Boton_Save}</arg>
</arguments>
<msg timestamp="20200617 17:00:56.302" level="INFO">Clicking element 'id=btnSave'.</msg>
<status status="PASS" starttime="20200617 17:00:56.302" endtime="20200617 17:00:56.369"></status>
</kw>
<status status="PASS" starttime="20200617 17:00:56.302" endtime="20200617 17:00:56.370"></status>
</kw>
<status status="PASS" starttime="20200617 17:00:54.982" endtime="20200617 17:00:56.370"></status>
</kw>
<status status="PASS" starttime="20200617 17:00:54.981" endtime="20200617 17:00:56.370" critical="yes"></status>
</test>
<test id="s1-t5" name="Cancelar envio de formulario(ADD Rules)">
<kw name="Agregar usuario ADD User(Cancelar)" library="Admin">
<kw name="click en el boton ADD" library="Admin">
<doc>Hace click en el botón "ADD" para agregar un nuevo usuario</doc>
<kw name="Wait Until Element Is Visible" library="Selenium2Library">
<doc>Waits until the element ``locator`` is visible.</doc>
<arguments>
<arg>${Boton_Add}</arg>
</arguments>
<status status="PASS" starttime="20200617 17:00:56.372" endtime="20200617 17:00:58.309"></status>
</kw>
<kw name="Click Element" library="Selenium2Library">
<doc>Click the element identified by ``locator``.</doc>
<arguments>
<arg>${Boton_Add}</arg>
</arguments>
<msg timestamp="20200617 17:00:58.309" level="INFO">Clicking element 'id=btnAdd'.</msg>
<status status="PASS" starttime="20200617 17:00:58.309" endtime="20200617 17:00:58.739"></status>
</kw>
<status status="PASS" starttime="20200617 17:00:56.372" endtime="20200617 17:00:58.739"></status>
</kw>
<kw name="Agregar un usuario a System Rules" library="Admin">
<doc>Llena los campos del formulario para agregar un nuevo usuario</doc>
<kw name="Page Should Contain" library="Selenium2Library">
<doc>Verifies that current page contains ``text``.</doc>
<arguments>
<arg>Add User</arg>
</arguments>
<msg timestamp="20200617 17:00:58.764" level="INFO">Current page contains text 'Add User'.</msg>
<status status="PASS" starttime="20200617 17:00:58.739" endtime="20200617 17:00:58.764"></status>
</kw>
<kw name="Select From List By Label" library="Selenium2Library">
<doc>Selects options from selection list ``locator`` by ``labels``.</doc>
<arguments>
<arg>${Add_User_Role}</arg>
<arg>ESS</arg>
</arguments>
<msg timestamp="20200617 17:00:58.764" level="INFO">Selecting options from selection list 'id=systemUser_userType' by label ESS.</msg>
<status status="PASS" starttime="20200617 17:00:58.764" endtime="20200617 17:00:58.806"></status>
</kw>
<kw name="Input Text" library="Selenium2Library">
<doc>Types the given ``text`` into the text field identified by ``locator``.</doc>
<arguments>
<arg>${Select_Employee_Name}</arg>
<arg>Fiona Grace</arg>
</arguments>
<msg timestamp="20200617 17:00:58.806" level="INFO">Typing text 'Fiona Grace' into text field 'id=systemUser_employeeName_empName'.</msg>
<status status="PASS" starttime="20200617 17:00:58.806" endtime="20200617 17:00:58.959"></status>
</kw>
<kw name="Wait Until Element Is Visible" library="Selenium2Library">
<doc>Waits until the element ``locator`` is visible.</doc>
<arguments>
<arg>xpath=//strong[text()="Fiona Grace"]</arg>
</arguments>
<status status="PASS" starttime="20200617 17:00:58.960" endtime="20200617 17:00:59.186"></status>
</kw>
<kw name="Click Element" library="Selenium2Library">
<doc>Click the element identified by ``locator``.</doc>
<arguments>
<arg>//strong[text()="Fiona Grace"]</arg>
</arguments>
<msg timestamp="20200617 17:00:59.186" level="INFO">Clicking element '//strong[text()="Fiona Grace"]'.</msg>
<status status="PASS" starttime="20200617 17:00:59.186" endtime="20200617 17:00:59.236"></status>
</kw>
<kw name="Usuario para formulario Add User" library="Admin">
<kw name="Generate Random String" library="String">
<doc>Generates a string with a desired ``length`` from the given ``chars``.</doc>
<arguments>
<arg>8</arg>
<arg>[LETTERS]</arg>
</arguments>
<assign>
<var>${ADD_Usuario}</var>
</assign>
<msg timestamp="20200617 17:00:59.237" level="INFO">${ADD_Usuario} = LbGNyoxQ</msg>
<status status="PASS" starttime="20200617 17:00:59.237" endtime="20200617 17:00:59.237"></status>
</kw>
<kw name="Input Text" library="Selenium2Library">
<doc>Types the given ``text`` into the text field identified by ``locator``.</doc>
<arguments>
<arg>${ADD_Username}</arg>
<arg>${ADD_Usuario}</arg>
</arguments>
<msg timestamp="20200617 17:00:59.238" level="INFO">Typing text 'LbGNyoxQ' into text field 'id=systemUser_userName'.</msg>
<status status="PASS" starttime="20200617 17:00:59.237" endtime="20200617 17:00:59.351"></status>
</kw>
<status status="PASS" starttime="20200617 17:00:59.236" endtime="20200617 17:00:59.351"></status>
</kw>
<kw name="Select From List By Label" library="Selenium2Library">
<doc>Selects options from selection list ``locator`` by ``labels``.</doc>
<arguments>
<arg>${Select_Status}</arg>
<arg>Enabled</arg>
</arguments>
<msg timestamp="20200617 17:00:59.352" level="INFO">Selecting options from selection list 'id=systemUser_status' by label Enabled.</msg>
<status status="PASS" starttime="20200617 17:00:59.351" endtime="20200617 17:00:59.387"></status>
</kw>
<kw name="Input Text" library="Selenium2Library">
<doc>Types the given ``text`` into the text field identified by ``locator``.</doc>
<arguments>
<arg>${Elegir_Password}</arg>
<arg>contrasenia</arg>
</arguments>
<msg timestamp="20200617 17:00:59.388" level="INFO">Typing text 'contrasenia' into text field 'id=systemUser_password'.</msg>
<status status="PASS" starttime="20200617 17:00:59.387" endtime="20200617 17:00:59.497"></status>
</kw>
<kw name="Input Text" library="Selenium2Library">
<doc>Types the given ``text`` into the text field identified by ``locator``.</doc>
<arguments>
<arg>${Confirmar_Password}</arg>
<arg>contrasenia</arg>
</arguments>
<msg timestamp="20200617 17:00:59.497" level="INFO">Typing text 'contrasenia' into text field 'id=systemUser_confirmPassword'.</msg>
<status status="PASS" starttime="20200617 17:00:59.497" endtime="20200617 17:00:59.606"></status>
</kw>
<status status="PASS" starttime="20200617 17:00:58.739" endtime="20200617 17:00:59.606"></status>
</kw>
<kw name="Click en el boton Cancel" library="Admin">
<doc>Click para cancelar la acción de agregar usuario</doc>
<kw name="Click Element" library="Selenium2Library">
<doc>Click the element identified by ``locator``.</doc>
<arguments>
<arg>${Boton_Cancel}</arg>
</arguments>
<msg timestamp="20200617 17:00:59.607" level="INFO">Clicking element 'id=btnCancel'.</msg>
<status status="PASS" starttime="20200617 17:00:59.607" endtime="20200617 17:01:00.260"></status>
</kw>
<status status="PASS" starttime="20200617 17:00:59.607" endtime="20200617 17:01:00.260"></status>
</kw>
<status status="PASS" starttime="20200617 17:00:56.371" endtime="20200617 17:01:00.260"></status>
</kw>
<status status="PASS" starttime="20200617 17:00:56.371" endtime="20200617 17:01:00.260" critical="yes"></status>
</test>
<doc>Casos de prueba corridos en suite</doc>
<status status="PASS" starttime="20200617 17:00:37.795" endtime="20200617 17:01:00.262"></status>
</suite>
<statistics>
<total>
<stat pass="5" fail="0">Critical Tests</stat>
<stat pass="5" fail="0">All Tests</stat>
</total>
<tag>
</tag>
<suite>
<stat pass="5" fail="0" id="s1" name="Suite1">Suite1</stat>
</suite>
</statistics>
<errors>
</errors>
</robot>
